<?xml version="1.0" encoding="UTF-8"?>
<!-- Generated by org.testng.reporters.JUnitXMLReporter -->
<testsuite ignored="0" hostname="MacBook-Air-Admine.local" failures="2" tests="3" name="Test" time="52.349" errors="0" timestamp="2025-09-05T00:45:02 IST">
  <testcase classname="testCases.TC005_Editaccountinfo" name="verify_Checkout" time="9.453"/>
  <testcase classname="testCases.TC005_Editaccountinfo" name="verify_Checkout" time="13.108">
    <failure type="java.lang.AssertionError" message="expected [true] but found [false]">
      <![CDATA[java.lang.AssertionError: expected [true] but found [false]
at testCases.TC005_Editaccountinfo.verify_Checkout(TC005_Editaccountinfo.java:51)
at java.base/java.util.ArrayList.forEach(ArrayList.java:1596)
... Removed 29 stack frames]]>
    </failure>
  </testcase> <!-- verify_Checkout -->
  <testcase classname="testCases.TC005_Editaccountinfo" name="verify_Checkout" time="12.262">
    <failure type="java.lang.AssertionError" message="expected [true] but found [false]">
      <![CDATA[java.lang.AssertionError: expected [true] but found [false]
at testCases.TC005_Editaccountinfo.verify_Checkout(TC005_Editaccountinfo.java:51)
at java.base/java.util.ArrayList.forEach(ArrayList.java:1596)
... Removed 29 stack frames]]>
    </failure>
  </testcase> <!-- verify_Checkout -->
</testsuite> <!-- Test -->
