<?xml version="1.0" encoding="UTF-8"?>
<testsuite xmlns:xsi="http://www.w3.org/2001/XMLSchema-instance" xsi:noNamespaceSchemaLocation="https://maven.apache.org/surefire/maven-surefire-plugin/xsd/surefire-test-report.xsd" version="3.0.2" name="TestSuite" time="84.59" tests="2" errors="0" skipped="0" failures="0">
  <properties>
[...]
</properties>
  <testcase name="verify_account_registration" classname="testCases.TC001_AccountRegistrationTest" time="26.311">
    <system-out><![CDATA[12:21:31.381 [main] DEBUG org.testng.TestNG - suiteXmlPath: "/Users/admine/Documents/WorkSpace_Selenium/Billrmd1/grouping.xml"
on start method
Browser launched
12:21:56.904 [main] INFO  testCases.TC001_AccountRegistrationTest - Straring TC001 Registration
12:21:59.960 [main] INFO  testCases.TC001_AccountRegistrationTest - Clicked on my account link
12:22:03.964 [main] INFO  testCases.TC001_AccountRegistrationTest - Clicked on Register link
12:22:04.006 [main] INFO  testCases.TC001_AccountRegistrationTest - Providing Registration details
12:22:21.906 [main] INFO  testCases.TC001_AccountRegistrationTest - validating expected message
12:22:23.147 [main] INFO  testCases.TC001_AccountRegistrationTest - Finished Test case execution
]]></system-out>
    <system-err><![CDATA[2025-08-31T06:51:31.116196Z main INFO Starting configuration XmlConfiguration[location=/Users/admine/Documents/WorkSpace_Selenium/Billrmd1/target/test-classes/log4j2.xml, lastModified=2025-08-31T04:09:36.290Z]...
2025-08-31T06:51:31.124069Z main INFO Configuration XmlConfiguration[location=/Users/admine/Documents/WorkSpace_Selenium/Billrmd1/target/test-classes/log4j2.xml, lastModified=2025-08-31T04:09:36.290Z] started.
2025-08-31T06:51:31.130132Z main INFO Stopping configuration org.apache.logging.log4j.core.config.DefaultConfiguration@4c9f8c13...
2025-08-31T06:51:31.130997Z main INFO Configuration org.apache.logging.log4j.core.config.DefaultConfiguration@4c9f8c13 stopped.
Aug 31, 2025 12:21:36 PM org.openqa.selenium.remote.tracing.opentelemetry.OpenTelemetryTracer createTracer
INFO: Using OpenTelemetry for tracing
]]></system-err>
  </testcase>
  <testcase name="verify_login" classname="testCases.TC002_LoginTest" time="7.461">
    <system-out><![CDATA[Browser launched
12:22:31.853 [main] INFO  testCases.TC002_LoginTest - Starting login test
true
12:22:39.311 [main] INFO  testCases.TC002_LoginTest - Finished tc002 execution
]]></system-out>
  </testcase>
</testsuite>